Using pre-set license
Built from '2020.3/staging' branch; Version is '2020.3.10f1 (297d780c91bc) revision 2719096'; Using compiler version '192528614'; Build Type 'Release'
OS: 'Windows 10 Pro; OS build 19042.867; Version 2009; 64bit' Language: 'ru' Physical Memory: 4039 MB
BatchMode: 1, IsHumanControllingUs: 0, StartBugReporterOnCrash: 0, Is64bit: 1, IsPro: 0

 COMMAND LINE ARGUMENTS:
C:\PROGRAMS\Unity\2020.3.10f1\Editor\Unity.exe
-adb2
-batchMode
-noUpm
-name
AssetImportWorker0
-projectPath
C:/GamesDev/CircleVoid
-logFile
Logs/AssetImportWorker0.log
-srvPort
50073
Successfully changed project path to: C:/GamesDev/CircleVoid
C:/GamesDev/CircleVoid
Using Asset Import Pipeline V2.
Refreshing native plugins compatible for Editor in 41.42 ms, found 3 plugins.
Preloading 0 native plugins for Editor in 0.00 ms.
Initialize engine version: 2020.3.10f1 (297d780c91bc)
[Subsystems] Discovering subsystems at path C:/PROGRAMS/Unity/2020.3.10f1/Editor/Data/Resources/UnitySubsystems
[Subsystems] Discovering subsystems at path C:/GamesDev/CircleVoid/Assets
GfxDevice: creating device client; threaded=0
Direct3D:
    Version:  Direct3D 11.0 [level 11.1]
    Renderer: NVIDIA GeForce GTX 1050 (ID=0x1c81)
    Vendor:   
    VRAM:     1977 MB
    Driver:   27.21.14.6611
Initialize mono
Mono path[0] = 'C:/PROGRAMS/Unity/2020.3.10f1/Editor/Data/Managed'
Mono path[1] = 'C:/PROGRAMS/Unity/2020.3.10f1/Editor/Data/MonoBleedingEdge/lib/mono/unityjit'
Mono config path = 'C:/PROGRAMS/Unity/2020.3.10f1/Editor/Data/MonoBleedingEdge/etc'
Using monoOptions --debugger-agent=transport=dt_socket,embedding=1,server=y,suspend=n,address=127.0.0.1:56656
Begin MonoManager ReloadAssembly
Registering precompiled unity dll's ...
Register platform support module: C:/PROGRAMS/Unity/2020.3.10f1/Editor/Data/PlaybackEngines/WindowsStandaloneSupport/UnityEditor.WindowsStandalone.Extensions.dll
Registered in 0.000783 seconds.
Native extension for WindowsStandalone target not found
Refreshing native plugins compatible for Editor in 42.07 ms, found 3 plugins.
Preloading 0 native plugins for Editor in 0.00 ms.
Mono: successfully reloaded assembly
- Completed reload, in  1.393 seconds
Platform modules already initialized, skipping
Registering precompiled user dll's ...
Registered in 0.002291 seconds.
Begin MonoManager ReloadAssembly
Native extension for WindowsStandalone target not found
Refreshing native plugins compatible for Editor in 41.39 ms, found 3 plugins.
Preloading 0 native plugins for Editor in 0.00 ms.
Mono: successfully reloaded assembly
- Completed reload, in  1.077 seconds
Platform modules already initialized, skipping
========================================================================
Worker process is ready to serve import requests
Launched and connected shader compiler UnityShaderCompiler.exe after 0.03 seconds
Refreshing native plugins compatible for Editor in 0.72 ms, found 3 plugins.
Preloading 0 native plugins for Editor in 0.00 ms.
Unloading 2227 Unused Serialized files (Serialized files now loaded: 0)
System memory in use before: 102.1 MB.
System memory in use after: 102.0 MB.

Unloading 34 unused Assets to reduce memory usage. Loaded Objects now: 2661.
Total: 2.262900 ms (FindLiveObjects: 0.216400 ms CreateObjectMapping: 0.098900 ms MarkObjects: 1.823000 ms  DeleteObjects: 0.123300 ms)

========================================================================
Received Import Request.
  path: ProjectSettings/TagManager.asset
  artifactKey: Guid(00000000000000003000000000000000) Importer(815301076,1909f56bfc062723c751e8b465ee728b)
Start importing ProjectSettings/TagManager.asset using Guid(00000000000000003000000000000000) Importer(815301076,1909f56bfc062723c751e8b465ee728b)  -> (artifact id: 'be88fd3415067a0b817ba3a34a032428') in 0.029228 seconds
  Import took 0.033539 seconds .

========================================================================
Received Prepare
Refreshing native plugins compatible for Editor in 2.46 ms, found 3 plugins.
Preloading 0 native plugins for Editor in 0.00 ms.
Unloading 20 Unused Serialized files (Serialized files now loaded: 0)
System memory in use before: 56.2 MB.
System memory in use after: 56.2 MB.

Unloading 21 unused Assets to reduce memory usage. Loaded Objects now: 2661.
Total: 3.000000 ms (FindLiveObjects: 0.208200 ms CreateObjectMapping: 0.096200 ms MarkObjects: 2.282700 ms  DeleteObjects: 0.411100 ms)

========================================================================
Received Import Request.
  Time since last request: 262.413037 seconds.
  path: Assets/Prefabs/Enemy.prefab
  artifactKey: Guid(2486ef8e51ee7434ea8669ab9087e4e1) Importer(815301076,1909f56bfc062723c751e8b465ee728b)
Start importing Assets/Prefabs/Enemy.prefab using Guid(2486ef8e51ee7434ea8669ab9087e4e1) Importer(815301076,1909f56bfc062723c751e8b465ee728b)  -> (artifact id: '5bb32e40245e472a444fa63c0a78453d') in 0.089188 seconds
  Import took 0.093550 seconds .

========================================================================
Received Prepare
Registering precompiled user dll's ...
Registered in 0.002129 seconds.
Begin MonoManager ReloadAssembly
Native extension for WindowsStandalone target not found
Refreshing native plugins compatible for Editor in 0.54 ms, found 3 plugins.
Preloading 0 native plugins for Editor in 0.00 ms.
Mono: successfully reloaded assembly
- Completed reload, in  1.130 seconds
Platform modules already initialized, skipping
Switching build target platform(19) subTarget(0) extendedPlatform(0) -> platform(13) subTarget(537395200) extendedPlatform(0)
Refreshing native plugins compatible for Editor in 0.51 ms, found 3 plugins.
Preloading 0 native plugins for Editor in 0.00 ms.
Unloading 2197 Unused Serialized files (Serialized files now loaded: 0)
System memory in use before: 101.6 MB.
System memory in use after: 101.6 MB.

Unloading 22 unused Assets to reduce memory usage. Loaded Objects now: 2672.
Total: 2.709800 ms (FindLiveObjects: 0.259500 ms CreateObjectMapping: 0.114600 ms MarkObjects: 2.210400 ms  DeleteObjects: 0.123600 ms)

AssetImportParameters requested are different than current active one (requested -> active):
  custom:graphics/normal-map-encoding: 01000000000000000000000000000000 -> 02000000000000000000000000000000
========================================================================
Received Prepare
Registering precompiled user dll's ...
Registered in 0.002118 seconds.
Begin MonoManager ReloadAssembly
Native extension for WindowsStandalone target not found
Refreshing native plugins compatible for Editor in 0.50 ms, found 3 plugins.
Preloading 0 native plugins for Editor in 0.00 ms.
Mono: successfully reloaded assembly
- Completed reload, in  1.193 seconds
Platform modules already initialized, skipping
Switching build target platform(19) subTarget(0) extendedPlatform(0) -> platform(13) subTarget(537395200) extendedPlatform(0)
Refreshing native plugins compatible for Editor in 0.52 ms, found 3 plugins.
Preloading 0 native plugins for Editor in 0.00 ms.
Unloading 2197 Unused Serialized files (Serialized files now loaded: 0)
System memory in use before: 101.6 MB.
System memory in use after: 101.6 MB.

Unloading 22 unused Assets to reduce memory usage. Loaded Objects now: 2676.
Total: 2.702400 ms (FindLiveObjects: 0.232800 ms CreateObjectMapping: 0.103800 ms MarkObjects: 2.241300 ms  DeleteObjects: 0.122900 ms)

AssetImportParameters requested are different than current active one (requested -> active):
  custom:graphics/normal-map-encoding: 01000000000000000000000000000000 -> 02000000000000000000000000000000
========================================================================
Received Prepare
Registering precompiled user dll's ...
Registered in 0.002265 seconds.
Begin MonoManager ReloadAssembly
Native extension for WindowsStandalone target not found
Refreshing native plugins compatible for Editor in 0.53 ms, found 3 plugins.
Preloading 0 native plugins for Editor in 0.00 ms.
Mono: successfully reloaded assembly
- Completed reload, in  1.252 seconds
Platform modules already initialized, skipping
Switching build target platform(19) subTarget(0) extendedPlatform(0) -> platform(13) subTarget(537395200) extendedPlatform(0)
Refreshing native plugins compatible for Editor in 0.52 ms, found 3 plugins.
Preloading 0 native plugins for Editor in 0.00 ms.
Unloading 2197 Unused Serialized files (Serialized files now loaded: 0)
System memory in use before: 101.7 MB.
System memory in use after: 101.6 MB.

Unloading 22 unused Assets to reduce memory usage. Loaded Objects now: 2680.
Total: 2.856800 ms (FindLiveObjects: 0.237800 ms CreateObjectMapping: 0.106800 ms MarkObjects: 2.383600 ms  DeleteObjects: 0.126800 ms)

AssetImportParameters requested are different than current active one (requested -> active):
  custom:graphics/normal-map-encoding: 01000000000000000000000000000000 -> 02000000000000000000000000000000
========================================================================
Received Prepare
Registering precompiled user dll's ...
Registered in 0.002376 seconds.
Begin MonoManager ReloadAssembly
Native extension for WindowsStandalone target not found
Refreshing native plugins compatible for Editor in 0.57 ms, found 3 plugins.
Preloading 0 native plugins for Editor in 0.00 ms.
Mono: successfully reloaded assembly
- Completed reload, in  1.314 seconds
Platform modules already initialized, skipping
Switching build target platform(19) subTarget(0) extendedPlatform(0) -> platform(13) subTarget(537395200) extendedPlatform(0)
Refreshing native plugins compatible for Editor in 0.53 ms, found 3 plugins.
Preloading 0 native plugins for Editor in 0.00 ms.
Unloading 2197 Unused Serialized files (Serialized files now loaded: 0)
System memory in use before: 101.7 MB.
System memory in use after: 101.7 MB.

Unloading 22 unused Assets to reduce memory usage. Loaded Objects now: 2684.
Total: 2.828600 ms (FindLiveObjects: 0.240000 ms CreateObjectMapping: 0.112300 ms MarkObjects: 2.345300 ms  DeleteObjects: 0.129200 ms)

AssetImportParameters requested are different than current active one (requested -> active):
  custom:graphics/normal-map-encoding: 01000000000000000000000000000000 -> 02000000000000000000000000000000
========================================================================
Received Prepare
Registering precompiled user dll's ...
Registered in 0.004848 seconds.
Begin MonoManager ReloadAssembly
Native extension for WindowsStandalone target not found
Refreshing native plugins compatible for Editor in 0.52 ms, found 3 plugins.
Preloading 0 native plugins for Editor in 0.00 ms.
Mono: successfully reloaded assembly
- Completed reload, in  1.280 seconds
Platform modules already initialized, skipping
Switching build target platform(19) subTarget(0) extendedPlatform(0) -> platform(13) subTarget(537395200) extendedPlatform(0)
Refreshing native plugins compatible for Editor in 0.53 ms, found 3 plugins.
Preloading 0 native plugins for Editor in 0.00 ms.
Unloading 2197 Unused Serialized files (Serialized files now loaded: 0)
System memory in use before: 101.6 MB.
System memory in use after: 101.6 MB.

Unloading 22 unused Assets to reduce memory usage. Loaded Objects now: 2688.
Total: 3.156500 ms (FindLiveObjects: 0.237800 ms CreateObjectMapping: 0.101500 ms MarkObjects: 2.673200 ms  DeleteObjects: 0.141800 ms)

AssetImportParameters requested are different than current active one (requested -> active):
  custom:graphics/normal-map-encoding: 01000000000000000000000000000000 -> 02000000000000000000000000000000
========================================================================
Received Prepare
Refreshing native plugins compatible for Editor in 14.61 ms, found 3 plugins.
Preloading 0 native plugins for Editor in 0.00 ms.
Unloading 20 Unused Serialized files (Serialized files now loaded: 0)
System memory in use before: 59.4 MB.
System memory in use after: 59.4 MB.

Unloading 20 unused Assets to reduce memory usage. Loaded Objects now: 2688.
Total: 16.697400 ms (FindLiveObjects: 6.337700 ms CreateObjectMapping: 0.187700 ms MarkObjects: 9.937500 ms  DeleteObjects: 0.231800 ms)

========================================================================
Received Prepare
Registering precompiled user dll's ...
Registered in 0.007282 seconds.
Begin MonoManager ReloadAssembly
Native extension for WindowsStandalone target not found
Refreshing native plugins compatible for Editor in 1.15 ms, found 3 plugins.
Preloading 0 native plugins for Editor in 0.00 ms.
Mono: successfully reloaded assembly
- Completed reload, in  1.613 seconds
Platform modules already initialized, skipping
Switching build target platform(19) subTarget(0) extendedPlatform(0) -> platform(13) subTarget(537395200) extendedPlatform(0)
Refreshing native plugins compatible for Editor in 0.45 ms, found 3 plugins.
Preloading 0 native plugins for Editor in 0.00 ms.
Unloading 2197 Unused Serialized files (Serialized files now loaded: 0)
System memory in use before: 101.7 MB.
System memory in use after: 101.7 MB.

Unloading 22 unused Assets to reduce memory usage. Loaded Objects now: 2692.
Total: 3.930400 ms (FindLiveObjects: 0.465600 ms CreateObjectMapping: 0.179800 ms MarkObjects: 2.835900 ms  DeleteObjects: 0.447500 ms)

AssetImportParameters requested are different than current active one (requested -> active):
  custom:graphics/normal-map-encoding: 01000000000000000000000000000000 -> 02000000000000000000000000000000
========================================================================
Received Import Request.
  Time since last request: 985.424176 seconds.
  path: Assets/Images
  artifactKey: Guid(16676a462ef45664c8f4b31255abfd22) Importer(815301076,1909f56bfc062723c751e8b465ee728b)
Start importing Assets/Images using Guid(16676a462ef45664c8f4b31255abfd22) Importer(815301076,1909f56bfc062723c751e8b465ee728b)  -> (artifact id: '4daa03827ba0037a412508b51f4d1ede') in 0.013468 seconds
  Import took 0.018408 seconds .

========================================================================
Received Import Request.
  Time since last request: 6.138594 seconds.
  path: Assets/Images/galaxy.png
  artifactKey: Guid(e630b1b68806ff04e890ced9d7bea3d8) Importer(815301076,1909f56bfc062723c751e8b465ee728b)
Start importing Assets/Images/galaxy.png using Guid(e630b1b68806ff04e890ced9d7bea3d8) Importer(815301076,1909f56bfc062723c751e8b465ee728b)  -> (artifact id: 'f3af70104a94b6a440887035e2f2781a') in 0.179991 seconds
  Import took 0.183901 seconds .

========================================================================
Received Import Request.
  Time since last request: 5.737235 seconds.
  path: Assets/Images/GameLogo.png
  artifactKey: Guid(e630b1b68806ff04e890ced9d7bea3d8) Importer(815301076,1909f56bfc062723c751e8b465ee728b)
Start importing Assets/Images/GameLogo.png using Guid(e630b1b68806ff04e890ced9d7bea3d8) Importer(815301076,1909f56bfc062723c751e8b465ee728b)  -> (artifact id: 'e1b368e3d746c76ea1ffdffe2986b6b1') in 0.017137 seconds
  Import took 0.021087 seconds .

========================================================================
Received Import Request.
  Time since last request: 256.956548 seconds.
  path: Assets/Images/DevLogo.png
  artifactKey: Guid(5ee5bec15625feb429272b46ac0a1835) Importer(815301076,1909f56bfc062723c751e8b465ee728b)
Start importing Assets/Images/DevLogo.png using Guid(5ee5bec15625feb429272b46ac0a1835) Importer(815301076,1909f56bfc062723c751e8b465ee728b)  -> (artifact id: '8798f0fdae86921a15982bcca9e21ef8') in 0.028051 seconds
  Import took 0.032065 seconds .

========================================================================
Received Import Request.
  Time since last request: 16.528802 seconds.
  path: Assets/Images/DevLogo.png
  artifactKey: Guid(5ee5bec15625feb429272b46ac0a1835) Importer(815301076,1909f56bfc062723c751e8b465ee728b)
Start importing Assets/Images/DevLogo.png using Guid(5ee5bec15625feb429272b46ac0a1835) Importer(815301076,1909f56bfc062723c751e8b465ee728b)  -> (artifact id: 'ff865fbaa0f9543f90364d42da05af16') in 0.020588 seconds
  Import took 0.026745 seconds .

========================================================================
Received Import Request.
  Time since last request: 20.422183 seconds.
  path: Assets/Images/Materials
  artifactKey: Guid(529048878343d0149a5435b0d932fc90) Importer(815301076,1909f56bfc062723c751e8b465ee728b)
Start importing Assets/Images/Materials using Guid(529048878343d0149a5435b0d932fc90) Importer(815301076,1909f56bfc062723c751e8b465ee728b)  -> (artifact id: 'bed854106557319937c745517637e385') in 0.002040 seconds
  Import took 0.008055 seconds .

========================================================================
Received Import Request.
  Time since last request: 1.496546 seconds.
  path: Assets/Images/DevLogo.png
  artifactKey: Guid(5ee5bec15625feb429272b46ac0a1835) Importer(815301076,1909f56bfc062723c751e8b465ee728b)
Start importing Assets/Images/DevLogo.png using Guid(5ee5bec15625feb429272b46ac0a1835) Importer(815301076,1909f56bfc062723c751e8b465ee728b)  -> (artifact id: 'c581521e9b126696adecbcab906ef155') in 0.020219 seconds
  Import took 0.025677 seconds .

========================================================================
Received Import Request.
  Time since last request: 15.820474 seconds.
  path: Assets/Images/GameLogo.png
  artifactKey: Guid(e630b1b68806ff04e890ced9d7bea3d8) Importer(815301076,1909f56bfc062723c751e8b465ee728b)
Start importing Assets/Images/GameLogo.png using Guid(e630b1b68806ff04e890ced9d7bea3d8) Importer(815301076,1909f56bfc062723c751e8b465ee728b)  -> (artifact id: '607e34ca9292e2001bb7380dd54bff78') in 0.011227 seconds
  Import took 0.015945 seconds .

========================================================================
Received Import Request.
  Time since last request: 0.008636 seconds.
  path: Assets/Images/GameLogo.png
  artifactKey: Guid(e630b1b68806ff04e890ced9d7bea3d8) Importer(815301076,1909f56bfc062723c751e8b465ee728b)
Start importing Assets/Images/GameLogo.png using Guid(e630b1b68806ff04e890ced9d7bea3d8) Importer(815301076,1909f56bfc062723c751e8b465ee728b)  -> (artifact id: '607e34ca9292e2001bb7380dd54bff78') in 0.014625 seconds
  Import took 0.019877 seconds .

========================================================================
Received Import Request.
  Time since last request: 41.127689 seconds.
  path: Assets/Packages/DinV/Dynamic Space Background/Sprites/Nebula Blue.png
  artifactKey: Guid(ddcac1fac1f5c8943a30c2ef6b724062) Importer(815301076,1909f56bfc062723c751e8b465ee728b)
Start importing Assets/Packages/DinV/Dynamic Space Background/Sprites/Nebula Blue.png using Guid(ddcac1fac1f5c8943a30c2ef6b724062) Importer(815301076,1909f56bfc062723c751e8b465ee728b)  -> (artifact id: '96d1c30b9857e8d4faed21fa2748e989') in 0.276155 seconds
  Import took 0.281186 seconds .

========================================================================
Received Import Request.
  Time since last request: 0.001530 seconds.
  path: Assets/Packages/DinV/Dynamic Space Background/Sprites/Nebula Blue.png
  artifactKey: Guid(ddcac1fac1f5c8943a30c2ef6b724062) Importer(815301076,1909f56bfc062723c751e8b465ee728b)
Start importing Assets/Packages/DinV/Dynamic Space Background/Sprites/Nebula Blue.png using Guid(ddcac1fac1f5c8943a30c2ef6b724062) Importer(815301076,1909f56bfc062723c751e8b465ee728b)  -> (artifact id: '96d1c30b9857e8d4faed21fa2748e989') in 0.174654 seconds
  Import took 0.179301 seconds .

========================================================================
Received Prepare
Refreshing native plugins compatible for Editor in 11.77 ms, found 3 plugins.
Preloading 0 native plugins for Editor in 0.00 ms.
Unloading 20 Unused Serialized files (Serialized files now loaded: 0)
System memory in use before: 59.8 MB.
System memory in use after: 59.8 MB.

Unloading 20 unused Assets to reduce memory usage. Loaded Objects now: 2697.
Total: 53.557300 ms (FindLiveObjects: 0.532200 ms CreateObjectMapping: 0.124000 ms MarkObjects: 52.224100 ms  DeleteObjects: 0.674600 ms)

AssetImportWorkerClient::OnTransportError - code=2 error=End of file
